<?xml version="1.0" encoding="UTF-8"?>
<testsuite xmlns:xsi="http://www.w3.org/2001/XMLSchema-instance" xsi:noNamespaceSchemaLocation="https://maven.apache.org/surefire/maven-surefire-plugin/xsd/surefire-test-report.xsd" version="3.0.2" name="org.example.backend.BackendApplicationTests" time="2.886" tests="1" errors="0" skipped="0" failures="0">
  <properties>
[...]
</properties>
  <testcase name="contextLoads" classname="org.example.backend.BackendApplicationTests" time="0.286">
    <system-out><![CDATA[19:47:40.082 [main] INFO org.springframework.test.context.support.AnnotationConfigContextLoaderUtils -- Could not detect default configuration classes for test class [org.example.backend.BackendApplicationTests]: BackendApplicationTests does not declare any static, non-private, non-final, nested classes annotated with @Configuration.
19:47:40.129 [main] INFO org.springframework.boot.test.context.SpringBootTestContextBootstrapper -- Found @SpringBootConfiguration org.example.backend.BackendApplication for test class org.example.backend.BackendApplicationTests

  .   ____          _            __ _ _
 /\\ / ___'_ __ _ _(_)_ __  __ _ \ \ \ \
( ( )\___ | '_ | '_| | '_ \/ _` | \ \ \ \
 \\/  ___)| |_)| | | | | || (_| |  ) ) ) )
  '  |____| .__|_| |_|_| |_\__, | / / / /
 =========|_|==============|___/=/_/_/_/

 :: Spring Boot ::                (v4.0.3)

2026-03-18T19:47:40.316+08:00  INFO 84476 --- [           main] o.e.backend.BackendApplicationTests      : Starting BackendApplicationTests using Java 21.0.10 with PID 84476 (started by crane in /home/crane/桌面/GitMyself/ProjectMos/Backend)
2026-03-18T19:47:40.317+08:00  INFO 84476 --- [           main] o.e.backend.BackendApplicationTests      : No active profile set, falling back to 1 default profile: "default"
2026-03-18T19:47:40.789+08:00  INFO 84476 --- [           main] .s.d.r.c.RepositoryConfigurationDelegate : Bootstrapping Spring Data JPA repositories in DEFAULT mode.
2026-03-18T19:47:40.848+08:00  INFO 84476 --- [           main] .s.d.r.c.RepositoryConfigurationDelegate : Finished Spring Data repository scanning in 54 ms. Found 3 JPA repository interfaces.
2026-03-18T19:47:41.055+08:00  INFO 84476 --- [           main] org.hibernate.orm.jpa                    : HHH008540: Processing PersistenceUnitInfo [name: default]
2026-03-18T19:47:41.076+08:00  INFO 84476 --- [           main] org.hibernate.orm.core                   : HHH000001: Hibernate ORM core version 7.2.4.Final
2026-03-18T19:47:41.261+08:00  INFO 84476 --- [           main] o.s.o.j.p.SpringPersistenceUnitInfo      : No LoadTimeWeaver setup: ignoring JPA class transformer
2026-03-18T19:47:41.274+08:00  INFO 84476 --- [           main] com.zaxxer.hikari.HikariDataSource       : HikariPool-1 - Starting...
2026-03-18T19:47:41.368+08:00  INFO 84476 --- [           main] com.zaxxer.hikari.pool.HikariPool        : HikariPool-1 - Added connection conn0: url=jdbc:h2:mem:testdb user=SA
2026-03-18T19:47:41.369+08:00  INFO 84476 --- [           main] com.zaxxer.hikari.HikariDataSource       : HikariPool-1 - Start completed.
2026-03-18T19:47:41.379+08:00  WARN 84476 --- [           main] org.hibernate.orm.deprecation            : HHH90000025: H2Dialect does not need to be specified explicitly using 'hibernate.dialect' (remove the property setting and it will be selected by default)
2026-03-18T19:47:41.391+08:00  INFO 84476 --- [           main] org.hibernate.orm.connections.pooling    : HHH10001005: Database info:
	Database JDBC URL [jdbc:h2:mem:testdb]
	Database driver: H2 JDBC Driver
	Database dialect: H2Dialect
	Database version: 2.4.240
	Default catalog/schema: TESTDB/PUBLIC
	Autocommit mode: undefined/unknown
	Isolation level: READ_COMMITTED [default READ_COMMITTED]
	JDBC fetch size: 100
	Pool: DataSourceConnectionProvider
	Minimum pool size: undefined/unknown
	Maximum pool size: undefined/unknown
2026-03-18T19:47:41.787+08:00  INFO 84476 --- [           main] org.hibernate.orm.core                   : HHH000489: No JTA platform available (set 'hibernate.transaction.jta.platform' to enable JTA platform integration)
Hibernate: drop table if exists building cascade 
Hibernate: drop table if exists energy_record cascade 
Hibernate: drop table if exists monitor_device cascade 
Hibernate: create table building (area numeric(10,2), id bigint generated by default as identity, building_type varchar(20), building_code varchar(32) not null unique, building_name varchar(100), primary key (id))
Hibernate: create table energy_record (electricity_kwh numeric(12,4), env_temperature numeric(6,2), humidity numeric(6,2), hvac_kwh numeric(12,4), hvac_return_temp numeric(6,2), hvac_supply_temp numeric(6,2), occupancy_density numeric(8,2), water_m3 numeric(12,4), building_id bigint not null, device_id bigint not null, id bigint generated by default as identity, record_time timestamp(6) not null, device_status varchar(10), primary key (id))
Hibernate: create table monitor_device (building_id bigint not null, id bigint generated by default as identity, status varchar(10), device_code varchar(32) not null unique, primary key (id))
Hibernate: create index idx_building_time on energy_record (building_id, record_time)
Hibernate: create index idx_device on energy_record (device_id)
Hibernate: create index idx_record_time on energy_record (record_time)
Hibernate: create index idx_device_status on energy_record (device_status)
2026-03-18T19:47:41.819+08:00  INFO 84476 --- [           main] j.LocalContainerEntityManagerFactoryBean : Initialized JPA EntityManagerFactory for persistence unit 'default'
2026-03-18T19:47:41.876+08:00  INFO 84476 --- [           main] o.s.d.j.r.query.QueryEnhancerFactories   : Hibernate is in classpath; If applicable, HQL parser will be used.
2026-03-18T19:47:42.350+08:00  WARN 84476 --- [           main] JpaBaseConfiguration$JpaWebConfiguration : spring.jpa.open-in-view is enabled by default. Therefore, database queries may be performed during view rendering. Explicitly configure spring.jpa.open-in-view to disable this warning
2026-03-18T19:47:42.595+08:00  INFO 84476 --- [           main] o.e.backend.BackendApplicationTests      : Started BackendApplicationTests in 2.406 seconds (process running for 2.945)
]]></system-out>
    <system-err><![CDATA[Mockito is currently self-attaching to enable the inline-mock-maker. This will no longer work in future releases of the JDK. Please add Mockito as an agent to your build as described in Mockito's documentation: https://javadoc.io/doc/org.mockito/mockito-core/latest/org.mockito/org/mockito/Mockito.html#0.3
WARNING: A Java agent has been loaded dynamically (/home/crane/.m2/repository/net/bytebuddy/byte-buddy-agent/1.17.8/byte-buddy-agent-1.17.8.jar)
WARNING: If a serviceability tool is in use, please run with -XX:+EnableDynamicAgentLoading to hide this warning
WARNING: If a serviceability tool is not in use, please run with -Djdk.instrument.traceUsage for more information
WARNING: Dynamic loading of agents will be disallowed by default in a future release
]]></system-err>
  </testcase>
</testsuite>