<?xml version="1.0" encoding="UTF-8"?>
<testsuite xmlns:xsi="http://www.w3.org/2001/XMLSchema-instance" xsi:noNamespaceSchemaLocation="https://maven.apache.org/surefire/maven-surefire-plugin/xsd/surefire-test-report.xsd" version="3.0.2" name="org.example.backend.BackendApplicationTests" time="3.899" tests="1" errors="0" skipped="0" failures="0">
  <properties>
[...]
</properties>
  <testcase name="contextLoads" classname="org.example.backend.BackendApplicationTests" time="0.232">
    <system-out><![CDATA[18:39:29.039 [main] INFO org.springframework.test.context.support.AnnotationConfigContextLoaderUtils -- Could not detect default configuration classes for test class [org.example.backend.BackendApplicationTests]: BackendApplicationTests does not declare any static, non-private, non-final, nested classes annotated with @Configuration.
18:39:29.095 [main] INFO org.springframework.boot.test.context.SpringBootTestContextBootstrapper -- Found @SpringBootConfiguration org.example.backend.BackendApplication for test class org.example.backend.BackendApplicationTests

  .   ____          _            __ _ _
 /\\ / ___'_ __ _ _(_)_ __  __ _ \ \ \ \
( ( )\___ | '_ | '_| | '_ \/ _` | \ \ \ \
 \\/  ___)| |_)| | | | | || (_| |  ) ) ) )
  '  |____| .__|_| |_|_| |_\__, | / / / /
 =========|_|==============|___/=/_/_/_/

 :: Spring Boot ::                (v4.0.3)

2026-03-23T18:39:29.301+08:00  INFO 47993 --- [           main] o.e.backend.BackendApplicationTests      : Starting BackendApplicationTests using Java 17.0.18 with PID 47993 (started by crane in /home/crane/桌面/GitMyself/ProjectMos/Backend)
2026-03-23T18:39:29.302+08:00  INFO 47993 --- [           main] o.e.backend.BackendApplicationTests      : No active profile set, falling back to 1 default profile: "default"
2026-03-23T18:39:29.871+08:00  INFO 47993 --- [           main] .s.d.r.c.RepositoryConfigurationDelegate : Bootstrapping Spring Data JPA repositories in DEFAULT mode.
2026-03-23T18:39:29.942+08:00  INFO 47993 --- [           main] .s.d.r.c.RepositoryConfigurationDelegate : Finished Spring Data repository scanning in 65 ms. Found 7 JPA repository interfaces.
2026-03-23T18:39:30.298+08:00  INFO 47993 --- [           main] org.hibernate.orm.jpa                    : HHH008540: Processing PersistenceUnitInfo [name: default]
2026-03-23T18:39:30.330+08:00  INFO 47993 --- [           main] org.hibernate.orm.core                   : HHH000001: Hibernate ORM core version 7.2.4.Final
2026-03-23T18:39:30.540+08:00  INFO 47993 --- [           main] o.s.o.j.p.SpringPersistenceUnitInfo      : No LoadTimeWeaver setup: ignoring JPA class transformer
2026-03-23T18:39:30.557+08:00  INFO 47993 --- [           main] com.zaxxer.hikari.HikariDataSource       : HikariPool-1 - Starting...
2026-03-23T18:39:30.653+08:00  INFO 47993 --- [           main] com.zaxxer.hikari.pool.HikariPool        : HikariPool-1 - Added connection conn0: url=jdbc:h2:mem:testdb user=SA
2026-03-23T18:39:30.654+08:00  INFO 47993 --- [           main] com.zaxxer.hikari.HikariDataSource       : HikariPool-1 - Start completed.
2026-03-23T18:39:30.664+08:00  WARN 47993 --- [           main] org.hibernate.orm.deprecation            : HHH90000025: H2Dialect does not need to be specified explicitly using 'hibernate.dialect' (remove the property setting and it will be selected by default)
2026-03-23T18:39:30.675+08:00  INFO 47993 --- [           main] org.hibernate.orm.connections.pooling    : HHH10001005: Database info:
	Database JDBC URL [jdbc:h2:mem:testdb]
	Database driver: H2 JDBC Driver
	Database dialect: H2Dialect
	Database version: 2.4.240
	Default catalog/schema: TESTDB/PUBLIC
	Autocommit mode: undefined/unknown
	Isolation level: READ_COMMITTED [default READ_COMMITTED]
	JDBC fetch size: 100
	Pool: DataSourceConnectionProvider
	Minimum pool size: undefined/unknown
	Maximum pool size: undefined/unknown
2026-03-23T18:39:31.114+08:00  INFO 47993 --- [           main] org.hibernate.orm.core                   : HHH000489: No JTA platform available (set 'hibernate.transaction.jta.platform' to enable JTA platform integration)
Hibernate: drop table if exists building cascade 
Hibernate: drop table if exists conversation_message cascade 
Hibernate: drop table if exists energy_record cascade 
Hibernate: drop table if exists knowledge_document cascade 
Hibernate: drop table if exists monitor_device cascade 
Hibernate: drop table if exists report_schedule cascade 
Hibernate: drop table if exists report_schedule_run_history cascade 
Hibernate: create table building (area numeric(10,2), id bigint generated by default as identity, building_type varchar(20), building_code varchar(32) not null unique, building_name varchar(100), primary key (id))
Hibernate: create table conversation_message (created_at timestamp(6), id bigint generated by default as identity, role varchar(10) not null, conversation_id varchar(36) not null, content TEXT not null, primary key (id))
Hibernate: create table energy_record (electricity_kwh numeric(12,4), env_temperature numeric(6,2), humidity numeric(6,2), hvac_kwh numeric(12,4), hvac_return_temp numeric(6,2), hvac_supply_temp numeric(6,2), occupancy_density numeric(8,2), water_m3 numeric(12,4), building_id bigint not null, device_id bigint not null, id bigint generated by default as identity, record_time timestamp(6) not null, device_status varchar(10), primary key (id))
Hibernate: create table knowledge_document (chunk_count integer, created_at timestamp(6), id bigint generated by default as identity, updated_at timestamp(6), file_type varchar(20), status varchar(20), category varchar(50), file_name varchar(200) not null, title varchar(200) not null, primary key (id))
Hibernate: create table monitor_device (building_id bigint not null, id bigint generated by default as identity, status varchar(10), device_code varchar(32) not null unique, primary key (id))
Hibernate: create table report_schedule (enabled boolean not null, run_time varchar(5) not null, building_id bigint not null, created_at timestamp(6) not null, id bigint generated by default as identity, last_run_at timestamp(6), updated_at timestamp(6) not null, frequency varchar(16) not null, granularity varchar(16) not null, name varchar(100) not null, receivers varchar(500), primary key (id))
Hibernate: create table report_schedule_run_history (finished_at timestamp(6) not null, id bigint generated by default as identity, schedule_id bigint not null, triggered_at timestamp(6) not null, window_end timestamp(6) not null, window_start timestamp(6) not null, status varchar(16) not null, trigger_source varchar(16) not null, error_message varchar(1000), primary key (id))
Hibernate: create index idx_building_time on energy_record (building_id, record_time)
Hibernate: create index idx_device on energy_record (device_id)
Hibernate: create index idx_record_time on energy_record (record_time)
Hibernate: create index idx_device_status on energy_record (device_status)
Hibernate: create index idx_report_schedule_building on report_schedule (building_id)
Hibernate: create index idx_report_schedule_enabled on report_schedule (enabled)
Hibernate: create index idx_schedule_run_history_schedule on report_schedule_run_history (schedule_id, triggered_at)
Hibernate: create index idx_schedule_run_history_status on report_schedule_run_history (status)
2026-03-23T18:39:31.141+08:00  INFO 47993 --- [           main] j.LocalContainerEntityManagerFactoryBean : Initialized JPA EntityManagerFactory for persistence unit 'default'
2026-03-23T18:39:31.187+08:00  INFO 47993 --- [           main] o.s.d.j.r.query.QueryEnhancerFactories   : Hibernate is in classpath; If applicable, HQL parser will be used.
2026-03-23T18:39:32.120+08:00  WARN 47993 --- [           main] JpaBaseConfiguration$JpaWebConfiguration : spring.jpa.open-in-view is enabled by default. Therefore, database queries may be performed during view rendering. Explicitly configure spring.jpa.open-in-view to disable this warning
2026-03-23T18:39:32.544+08:00  INFO 47993 --- [           main] o.s.b.a.e.web.EndpointLinksResolver      : Exposing 1 endpoint beneath base path '/actuator'
2026-03-23T18:39:32.583+08:00  INFO 47993 --- [           main] o.e.backend.BackendApplicationTests      : Started BackendApplicationTests in 3.417 seconds (process running for 3.952)
]]></system-out>
  </testcase>
</testsuite>